Using pre-set license
Built from '2020.3/release' branch; Version is '2020.3.1f1 (77a89f25062f) revision 7841951'; Using compiler version '192528614'; Build Type 'Release'
OS: 'Windows 10 Home; OS build 19041.867; Version 2004; 64bit' Language: 'en' Physical Memory: 16249 MB
BatchMode: 1, IsHumanControllingUs: 0, StartBugReporterOnCrash: 0, Is64bit: 1, IsPro: 0

 COMMAND LINE ARGUMENTS:
C:\Program Files\Unity\Hub\Editor\2020.3.1f1\Editor\Unity.exe
-adb2
-batchMode
-noUpm
-name
AssetImportWorker1
-projectPath
D:/WSOA3003A-LindaSumbu_2178172-Repository/WSOA3003A_2178172_LindaSumbu_TurnBasedPrototype
-logFile
Logs/AssetImportWorker1.log
-srvPort
51497
Successfully changed project path to: D:/WSOA3003A-LindaSumbu_2178172-Repository/WSOA3003A_2178172_LindaSumbu_TurnBasedPrototype
D:/WSOA3003A-LindaSumbu_2178172-Repository/WSOA3003A_2178172_LindaSumbu_TurnBasedPrototype
Using Asset Import Pipeline V2.
Refreshing native plugins compatible for Editor in 62.41 ms, found 1 plugins.
Preloading 0 native plugins for Editor in 0.00 ms.
Initialize engine version: 2020.3.1f1 (77a89f25062f)
[Subsystems] Discovering subsystems at path C:/Program Files/Unity/Hub/Editor/2020.3.1f1/Editor/Data/Resources/UnitySubsystems
[Subsystems] Discovering subsystems at path D:/WSOA3003A-LindaSumbu_2178172-Repository/WSOA3003A_2178172_LindaSumbu_TurnBasedPrototype/Assets
GfxDevice: creating device client; threaded=0
Direct3D:
    Version:  Direct3D 11.0 [level 11.1]
    Renderer: NVIDIA GeForce GTX 1060 with Max-Q Design (ID=0x1c20)
    Vendor:   
    VRAM:     6052 MB
    Driver:   27.21.14.5167
Initialize mono
Mono path[0] = 'C:/Program Files/Unity/Hub/Editor/2020.3.1f1/Editor/Data/Managed'
Mono path[1] = 'C:/Program Files/Unity/Hub/Editor/2020.3.1f1/Editor/Data/MonoBleedingEdge/lib/mono/unityjit'
Mono config path = 'C:/Program Files/Unity/Hub/Editor/2020.3.1f1/Editor/Data/MonoBleedingEdge/etc'
Using monoOptions --debugger-agent=transport=dt_socket,embedding=1,server=y,suspend=n,address=127.0.0.1:56436
Begin MonoManager ReloadAssembly
Registering precompiled unity dll's ...
Register platform support module: C:/Program Files/Unity/Hub/Editor/2020.3.1f1/Editor/Data/PlaybackEngines/WindowsStandaloneSupport/UnityEditor.WindowsStandalone.Extensions.dll
Registered in 0.002559 seconds.
Native extension for WindowsStandalone target not found
Refreshing native plugins compatible for Editor in 40.88 ms, found 1 plugins.
Preloading 0 native plugins for Editor in 0.00 ms.
Invoked RoslynAnalysisRunner static constructor.
RoslynAnalysisRunner will not be running.
RoslynAnalysisRunner has terminated.
Mono: successfully reloaded assembly
- Completed reload, in  6.750 seconds
Platform modules already initialized, skipping
Registering precompiled user dll's ...
Registered in 0.000969 seconds.
Begin MonoManager ReloadAssembly
Native extension for WindowsStandalone target not found
Refreshing native plugins compatible for Editor in 45.38 ms, found 1 plugins.
Preloading 0 native plugins for Editor in 0.00 ms.
Invoked RoslynAnalysisRunner static constructor.
RoslynAnalysisRunner will not be running.
RoslynAnalysisRunner has terminated.
Mono: successfully reloaded assembly
- Completed reload, in  1.153 seconds
Platform modules already initialized, skipping
========================================================================
Worker process is ready to serve import requests
Launched and connected shader compiler UnityShaderCompiler.exe after 0.10 seconds
Refreshing native plugins compatible for Editor in 0.38 ms, found 1 plugins.
Preloading 0 native plugins for Editor in 0.00 ms.
Unloading 1823 Unused Serialized files (Serialized files now loaded: 0)
System memory in use before: 85.6 MB.
System memory in use after: 85.6 MB.

Unloading 24 unused Assets to reduce memory usage. Loaded Objects now: 2267.
Total: 5.683200 ms (FindLiveObjects: 0.355500 ms CreateObjectMapping: 0.186500 ms MarkObjects: 4.841500 ms  DeleteObjects: 0.297600 ms)

========================================================================
Received Import Request.
  path: Assets/Prefabs/SpawnPoint.prefab
  artifactKey: Guid(43c98bf46f4631946951be230e74d739) Importer(815301076,1909f56bfc062723c751e8b465ee728b)
Start importing Assets/Prefabs/SpawnPoint.prefab using Guid(43c98bf46f4631946951be230e74d739) Importer(815301076,1909f56bfc062723c751e8b465ee728b)  -> (artifact id: '9f3f0eb3254ca93f79d8824bb3727c4b') in 0.064223 seconds
  Import took 0.173356 seconds .

========================================================================
Received Prepare
Refreshing native plugins compatible for Editor in 1.73 ms, found 1 plugins.
Preloading 0 native plugins for Editor in 0.00 ms.
Unloading 10 Unused Serialized files (Serialized files now loaded: 0)
System memory in use before: 49.1 MB.
System memory in use after: 49.1 MB.

Unloading 10 unused Assets to reduce memory usage. Loaded Objects now: 2267.
Total: 2.847900 ms (FindLiveObjects: 0.238800 ms CreateObjectMapping: 0.104400 ms MarkObjects: 2.376400 ms  DeleteObjects: 0.126900 ms)

========================================================================
Received Import Request.
  Time since last request: 213.570315 seconds.
  path: Assets/Prefabs/SpawnPoint.prefab
  artifactKey: Guid(43c98bf46f4631946951be230e74d739) Importer(815301076,1909f56bfc062723c751e8b465ee728b)
Start importing Assets/Prefabs/SpawnPoint.prefab using Guid(43c98bf46f4631946951be230e74d739) Importer(815301076,1909f56bfc062723c751e8b465ee728b)  -> (artifact id: '200470c840346f3390f4fbf126f59890') in 0.009299 seconds
  Import took 0.016639 seconds .

========================================================================
Received Import Request.
  Time since last request: 0.026813 seconds.
  path: Assets/Prefabs/SpawnPoint.prefab
  artifactKey: Guid(43c98bf46f4631946951be230e74d739) Importer(815301076,1909f56bfc062723c751e8b465ee728b)
Start importing Assets/Prefabs/SpawnPoint.prefab using Guid(43c98bf46f4631946951be230e74d739) Importer(815301076,1909f56bfc062723c751e8b465ee728b)  -> (artifact id: '200470c840346f3390f4fbf126f59890') in 0.012515 seconds
  Import took 0.017414 seconds .

========================================================================
Received Import Request.
  Time since last request: 1.411686 seconds.
  path: Assets/Prefabs/FloatingPoints.prefab
  artifactKey: Guid(d0a77d2450182f44aa8a35e223d81b2b) Importer(815301076,1909f56bfc062723c751e8b465ee728b)
Start importing Assets/Prefabs/FloatingPoints.prefab using Guid(d0a77d2450182f44aa8a35e223d81b2b) Importer(815301076,1909f56bfc062723c751e8b465ee728b)  -> (artifact id: 'ee04f3cef4be151b9f4f76ec889e08a0') in 0.006832 seconds
  Import took 0.012143 seconds .

========================================================================
Received Import Request.
  Time since last request: 0.000764 seconds.
  path: Assets/Prefabs/FloatingPoints.prefab
  artifactKey: Guid(d0a77d2450182f44aa8a35e223d81b2b) Importer(815301076,1909f56bfc062723c751e8b465ee728b)
Start importing Assets/Prefabs/FloatingPoints.prefab using Guid(d0a77d2450182f44aa8a35e223d81b2b) Importer(815301076,1909f56bfc062723c751e8b465ee728b)  -> (artifact id: 'ee04f3cef4be151b9f4f76ec889e08a0') in 0.006319 seconds
  Import took 0.011522 seconds .

========================================================================
Received Import Request.
  Time since last request: 13.852514 seconds.
  path: Assets/Prefabs/MC.prefab
  artifactKey: Guid(9e1e5ea46ac3d184b8fa3d5513f2ba40) Importer(815301076,1909f56bfc062723c751e8b465ee728b)
Start importing Assets/Prefabs/MC.prefab using Guid(9e1e5ea46ac3d184b8fa3d5513f2ba40) Importer(815301076,1909f56bfc062723c751e8b465ee728b)  -> (artifact id: '7013771408f618982c14e7331ce4a7e9') in 0.109173 seconds
  Import took 0.113405 seconds .

========================================================================
Received Import Request.
  Time since last request: 0.003374 seconds.
  path: Assets/Prefabs/MC.prefab
  artifactKey: Guid(9e1e5ea46ac3d184b8fa3d5513f2ba40) Importer(815301076,1909f56bfc062723c751e8b465ee728b)
Start importing Assets/Prefabs/MC.prefab using Guid(9e1e5ea46ac3d184b8fa3d5513f2ba40) Importer(815301076,1909f56bfc062723c751e8b465ee728b)  -> (artifact id: '7013771408f618982c14e7331ce4a7e9') in 0.020489 seconds
  Import took 0.025306 seconds .

========================================================================
Received Import Request.
  Time since last request: 4.106906 seconds.
  path: Assets/Prefabs/MC.prefab
  artifactKey: Guid(9e1e5ea46ac3d184b8fa3d5513f2ba40) Importer(815301076,1909f56bfc062723c751e8b465ee728b)
Start importing Assets/Prefabs/MC.prefab using Guid(9e1e5ea46ac3d184b8fa3d5513f2ba40) Importer(815301076,1909f56bfc062723c751e8b465ee728b)  -> (artifact id: 'f63b12c474c92e7586b7daccb79873be') in 0.022073 seconds
  Import took 0.026723 seconds .

========================================================================
Received Import Request.
  Time since last request: 0.005640 seconds.
  path: Assets/Prefabs/MC.prefab
  artifactKey: Guid(9e1e5ea46ac3d184b8fa3d5513f2ba40) Importer(815301076,1909f56bfc062723c751e8b465ee728b)
Start importing Assets/Prefabs/MC.prefab using Guid(9e1e5ea46ac3d184b8fa3d5513f2ba40) Importer(815301076,1909f56bfc062723c751e8b465ee728b)  -> (artifact id: 'f63b12c474c92e7586b7daccb79873be') in 0.022217 seconds
  Import took 0.026221 seconds .

========================================================================
Received Import Request.
  Time since last request: 7.287578 seconds.
  path: Assets/Prefabs/Enemy.prefab
  artifactKey: Guid(f80fb5c7f35c4164fbc1c8dcb5d8c973) Importer(815301076,1909f56bfc062723c751e8b465ee728b)
Start importing Assets/Prefabs/Enemy.prefab using Guid(f80fb5c7f35c4164fbc1c8dcb5d8c973) Importer(815301076,1909f56bfc062723c751e8b465ee728b)  -> (artifact id: '7db8a197d660a1239fa51f3a3ec39585') in 0.027347 seconds
  Import took 0.033066 seconds .

========================================================================
Received Import Request.
  Time since last request: 0.002741 seconds.
  path: Assets/Prefabs/Enemy.prefab
  artifactKey: Guid(f80fb5c7f35c4164fbc1c8dcb5d8c973) Importer(815301076,1909f56bfc062723c751e8b465ee728b)
Start importing Assets/Prefabs/Enemy.prefab using Guid(f80fb5c7f35c4164fbc1c8dcb5d8c973) Importer(815301076,1909f56bfc062723c751e8b465ee728b)  -> (artifact id: '7db8a197d660a1239fa51f3a3ec39585') in 0.025981 seconds
  Import took 0.031116 seconds .

========================================================================
Received Import Request.
  Time since last request: 17.375756 seconds.
  path: Assets/Prefabs/Enemy.prefab
  artifactKey: Guid(f80fb5c7f35c4164fbc1c8dcb5d8c973) Importer(815301076,1909f56bfc062723c751e8b465ee728b)
Start importing Assets/Prefabs/Enemy.prefab using Guid(f80fb5c7f35c4164fbc1c8dcb5d8c973) Importer(815301076,1909f56bfc062723c751e8b465ee728b)  -> (artifact id: '6987587a76ecce308b91f1d1fcb02692') in 0.021908 seconds
  Import took 0.080317 seconds .

========================================================================
Received Prepare
Registering precompiled user dll's ...
Registered in 0.000904 seconds.
Begin MonoManager ReloadAssembly
Native extension for WindowsStandalone target not found
Refreshing native plugins compatible for Editor in 0.40 ms, found 1 plugins.
Preloading 0 native plugins for Editor in 0.00 ms.
Invoked RoslynAnalysisRunner static constructor.
RoslynAnalysisRunner will not be running.
RoslynAnalysisRunner has terminated.
Mono: successfully reloaded assembly
- Completed reload, in  1.058 seconds
Platform modules already initialized, skipping
Refreshing native plugins compatible for Editor in 0.36 ms, found 1 plugins.
Preloading 0 native plugins for Editor in 0.00 ms.
Unloading 1818 Unused Serialized files (Serialized files now loaded: 0)
System memory in use before: 88.7 MB.
System memory in use after: 88.7 MB.

Unloading 12 unused Assets to reduce memory usage. Loaded Objects now: 2278.
Total: 3.185500 ms (FindLiveObjects: 0.406200 ms CreateObjectMapping: 0.287200 ms MarkObjects: 2.342200 ms  DeleteObjects: 0.147700 ms)

========================================================================
Received Import Request.
  Time since last request: 170.239253 seconds.
  path: Assets/Prefabs/FloatingPoints.prefab
  artifactKey: Guid(d0a77d2450182f44aa8a35e223d81b2b) Importer(815301076,1909f56bfc062723c751e8b465ee728b)
Start importing Assets/Prefabs/FloatingPoints.prefab using Guid(d0a77d2450182f44aa8a35e223d81b2b) Importer(815301076,1909f56bfc062723c751e8b465ee728b)  -> (artifact id: '9ff3f76e24e2f83aa70b18ab2166a0df') in 0.048086 seconds
  Import took 0.054115 seconds .

========================================================================
Received Import Request.
  Time since last request: 0.021195 seconds.
  path: Assets/Prefabs/FloatingPoints.prefab
  artifactKey: Guid(d0a77d2450182f44aa8a35e223d81b2b) Importer(815301076,1909f56bfc062723c751e8b465ee728b)
Start importing Assets/Prefabs/FloatingPoints.prefab using Guid(d0a77d2450182f44aa8a35e223d81b2b) Importer(815301076,1909f56bfc062723c751e8b465ee728b)  -> (artifact id: '9ff3f76e24e2f83aa70b18ab2166a0df') in 0.012684 seconds
  Import took 0.020304 seconds .

========================================================================
Received Import Request.
  Time since last request: 8.390572 seconds.
  path: Assets/Prefabs/MC.prefab
  artifactKey: Guid(9e1e5ea46ac3d184b8fa3d5513f2ba40) Importer(815301076,1909f56bfc062723c751e8b465ee728b)
Start importing Assets/Prefabs/MC.prefab using Guid(9e1e5ea46ac3d184b8fa3d5513f2ba40) Importer(815301076,1909f56bfc062723c751e8b465ee728b)  -> (artifact id: '0eb9115154116a24609e8ef9ea1499cd') in 0.061228 seconds
  Import took 0.069902 seconds .

========================================================================
Received Import Request.
  Time since last request: 5.883418 seconds.
  path: Assets/Prefabs/Enemy.prefab
  artifactKey: Guid(f80fb5c7f35c4164fbc1c8dcb5d8c973) Importer(815301076,1909f56bfc062723c751e8b465ee728b)
Start importing Assets/Prefabs/Enemy.prefab using Guid(f80fb5c7f35c4164fbc1c8dcb5d8c973) Importer(815301076,1909f56bfc062723c751e8b465ee728b)  -> (artifact id: '578244ae99a03d17155f6275752ff5e5') in 0.026598 seconds
  Import took 0.051904 seconds .

========================================================================
Received Prepare
Registering precompiled user dll's ...
Registered in 0.000874 seconds.
Begin MonoManager ReloadAssembly
Native extension for WindowsStandalone target not found
Refreshing native plugins compatible for Editor in 0.59 ms, found 1 plugins.
Preloading 0 native plugins for Editor in 0.00 ms.
Invoked RoslynAnalysisRunner static constructor.
RoslynAnalysisRunner will not be running.
RoslynAnalysisRunner has terminated.
Mono: successfully reloaded assembly
- Completed reload, in  1.077 seconds
Platform modules already initialized, skipping
Refreshing native plugins compatible for Editor in 0.36 ms, found 1 plugins.
Preloading 0 native plugins for Editor in 0.00 ms.
Unloading 1818 Unused Serialized files (Serialized files now loaded: 0)
System memory in use before: 88.8 MB.
System memory in use after: 88.8 MB.

Unloading 12 unused Assets to reduce memory usage. Loaded Objects now: 2283.
Total: 2.988900 ms (FindLiveObjects: 0.225700 ms CreateObjectMapping: 0.092400 ms MarkObjects: 2.531100 ms  DeleteObjects: 0.138000 ms)

========================================================================
Received Import Request.
  Time since last request: 191.691148 seconds.
  path: Assets/Prefabs/FloatingPoints (1).prefab
  artifactKey: Guid(0ac31b3ce14e3004599c2d4f39cff1d3) Importer(815301076,1909f56bfc062723c751e8b465ee728b)
Start importing Assets/Prefabs/FloatingPoints (1).prefab using Guid(0ac31b3ce14e3004599c2d4f39cff1d3) Importer(815301076,1909f56bfc062723c751e8b465ee728b)  -> (artifact id: '9c90515b28a57ba8327c430dfc62a59e') in 0.050017 seconds
  Import took 0.055114 seconds .

========================================================================
Received Import Request.
  Time since last request: 0.017709 seconds.
  path: Assets/Prefabs/FloatingPoints (1).prefab
  artifactKey: Guid(0ac31b3ce14e3004599c2d4f39cff1d3) Importer(815301076,1909f56bfc062723c751e8b465ee728b)
Start importing Assets/Prefabs/FloatingPoints (1).prefab using Guid(0ac31b3ce14e3004599c2d4f39cff1d3) Importer(815301076,1909f56bfc062723c751e8b465ee728b)  -> (artifact id: '9c90515b28a57ba8327c430dfc62a59e') in 0.006473 seconds
  Import took 0.014796 seconds .

========================================================================
Received Import Request.
  Time since last request: 1.887963 seconds.
  path: Assets/Prefabs/SpawnPoint (1).prefab
  artifactKey: Guid(5c646a6b5f5d1a84aa57083b84833fc8) Importer(815301076,1909f56bfc062723c751e8b465ee728b)
Start importing Assets/Prefabs/SpawnPoint (1).prefab using Guid(5c646a6b5f5d1a84aa57083b84833fc8) Importer(815301076,1909f56bfc062723c751e8b465ee728b)  -> (artifact id: '2b5f18e17656fbe8934586fa753f0f4f') in 0.011617 seconds
  Import took 0.016503 seconds .

========================================================================
Received Import Request.
  Time since last request: 0.020527 seconds.
  path: Assets/Prefabs/SpawnPoint (1).prefab
  artifactKey: Guid(5c646a6b5f5d1a84aa57083b84833fc8) Importer(815301076,1909f56bfc062723c751e8b465ee728b)
Start importing Assets/Prefabs/SpawnPoint (1).prefab using Guid(5c646a6b5f5d1a84aa57083b84833fc8) Importer(815301076,1909f56bfc062723c751e8b465ee728b)  -> (artifact id: '2b5f18e17656fbe8934586fa753f0f4f') in 0.007212 seconds
  Import took 0.015538 seconds .

========================================================================
Received Import Request.
  Time since last request: 16.767403 seconds.
  path: Assets/Prefabs/MC.prefab
  artifactKey: Guid(9e1e5ea46ac3d184b8fa3d5513f2ba40) Importer(815301076,1909f56bfc062723c751e8b465ee728b)
Start importing Assets/Prefabs/MC.prefab using Guid(9e1e5ea46ac3d184b8fa3d5513f2ba40) Importer(815301076,1909f56bfc062723c751e8b465ee728b)  -> (artifact id: '8a96cb2fd842da88a97e84ee09c4b8ca') in 0.068026 seconds
  Import took 0.072129 seconds .

========================================================================
Received Import Request.
  Time since last request: 3.403914 seconds.
  path: Assets/Prefabs/MC.prefab
  artifactKey: Guid(9e1e5ea46ac3d184b8fa3d5513f2ba40) Importer(815301076,1909f56bfc062723c751e8b465ee728b)
Start importing Assets/Prefabs/MC.prefab using Guid(9e1e5ea46ac3d184b8fa3d5513f2ba40) Importer(815301076,1909f56bfc062723c751e8b465ee728b)  -> (artifact id: '0867552c55727f8bdfa7a663b70927f6') in 0.081188 seconds
  Import took 0.085805 seconds .

========================================================================
Received Prepare
Registering precompiled user dll's ...
Registered in 0.000951 seconds.
Begin MonoManager ReloadAssembly
Native extension for WindowsStandalone target not found
Refreshing native plugins compatible for Editor in 0.35 ms, found 1 plugins.
Preloading 0 native plugins for Editor in 0.00 ms.
Invoked RoslynAnalysisRunner static constructor.
RoslynAnalysisRunner will not be running.
RoslynAnalysisRunner has terminated.
Mono: successfully reloaded assembly
- Completed reload, in  1.065 seconds
Platform modules already initialized, skipping
Refreshing native plugins compatible for Editor in 0.35 ms, found 1 plugins.
Preloading 0 native plugins for Editor in 0.00 ms.
Unloading 1818 Unused Serialized files (Serialized files now loaded: 0)
System memory in use before: 88.8 MB.
System memory in use after: 88.8 MB.

Unloading 12 unused Assets to reduce memory usage. Loaded Objects now: 2288.
Total: 2.279000 ms (FindLiveObjects: 0.272300 ms CreateObjectMapping: 0.104000 ms MarkObjects: 1.790500 ms  DeleteObjects: 0.110900 ms)

========================================================================
Received Prepare
Registering precompiled user dll's ...
Registered in 0.001096 seconds.
Begin MonoManager ReloadAssembly
Native extension for WindowsStandalone target not found
Refreshing native plugins compatible for Editor in 0.69 ms, found 1 plugins.
Preloading 0 native plugins for Editor in 0.00 ms.
Invoked RoslynAnalysisRunner static constructor.
RoslynAnalysisRunner will not be running.
RoslynAnalysisRunner has terminated.
Mono: successfully reloaded assembly
- Completed reload, in  1.305 seconds
Platform modules already initialized, skipping
Refreshing native plugins compatible for Editor in 0.48 ms, found 1 plugins.
Preloading 0 native plugins for Editor in 0.00 ms.
Unloading 1818 Unused Serialized files (Serialized files now loaded: 0)
System memory in use before: 88.9 MB.
System memory in use after: 88.8 MB.

Unloading 12 unused Assets to reduce memory usage. Loaded Objects now: 2292.
Total: 2.504900 ms (FindLiveObjects: 0.271900 ms CreateObjectMapping: 0.083500 ms MarkObjects: 1.990700 ms  DeleteObjects: 0.157400 ms)

========================================================================
Received Prepare
Registering precompiled user dll's ...
Registered in 0.001369 seconds.
Begin MonoManager ReloadAssembly
Native extension for WindowsStandalone target not found
Refreshing native plugins compatible for Editor in 0.52 ms, found 1 plugins.
Preloading 0 native plugins for Editor in 0.00 ms.
Invoked RoslynAnalysisRunner static constructor.
RoslynAnalysisRunner will not be running.
RoslynAnalysisRunner has terminated.
Mono: successfully reloaded assembly
- Completed reload, in  1.026 seconds
Platform modules already initialized, skipping
Refreshing native plugins compatible for Editor in 0.39 ms, found 1 plugins.
Preloading 0 native plugins for Editor in 0.00 ms.
Unloading 1818 Unused Serialized files (Serialized files now loaded: 0)
System memory in use before: 88.9 MB.
System memory in use after: 88.9 MB.

Unloading 12 unused Assets to reduce memory usage. Loaded Objects now: 2296.
Total: 2.794300 ms (FindLiveObjects: 0.308200 ms CreateObjectMapping: 0.149500 ms MarkObjects: 2.084700 ms  DeleteObjects: 0.250300 ms)

========================================================================
Received Prepare
Registering precompiled user dll's ...
Registered in 0.001341 seconds.
Begin MonoManager ReloadAssembly
Native extension for WindowsStandalone target not found
Refreshing native plugins compatible for Editor in 0.45 ms, found 1 plugins.
Preloading 0 native plugins for Editor in 0.00 ms.
Invoked RoslynAnalysisRunner static constructor.
RoslynAnalysisRunner will not be running.
RoslynAnalysisRunner has terminated.
Mono: successfully reloaded assembly
- Completed reload, in  1.081 seconds
Platform modules already initialized, skipping
Refreshing native plugins compatible for Editor in 0.53 ms, found 1 plugins.
Preloading 0 native plugins for Editor in 0.00 ms.
Unloading 1818 Unused Serialized files (Serialized files now loaded: 0)
System memory in use before: 88.9 MB.
System memory in use after: 88.9 MB.

Unloading 12 unused Assets to reduce memory usage. Loaded Objects now: 2300.
Total: 2.590500 ms (FindLiveObjects: 0.212700 ms CreateObjectMapping: 0.106300 ms MarkObjects: 2.103400 ms  DeleteObjects: 0.166800 ms)

========================================================================
Received Prepare
Registering precompiled user dll's ...
Registered in 0.001318 seconds.
Begin MonoManager ReloadAssembly
Native extension for WindowsStandalone target not found
Refreshing native plugins compatible for Editor in 0.40 ms, found 1 plugins.
Preloading 0 native plugins for Editor in 0.00 ms.
Invoked RoslynAnalysisRunner static constructor.
RoslynAnalysisRunner will not be running.
RoslynAnalysisRunner has terminated.
Mono: successfully reloaded assembly
- Completed reload, in  0.972 seconds
Platform modules already initialized, skipping
Refreshing native plugins compatible for Editor in 0.37 ms, found 1 plugins.
Preloading 0 native plugins for Editor in 0.00 ms.
Unloading 1818 Unused Serialized files (Serialized files now loaded: 0)
System memory in use before: 88.9 MB.
System memory in use after: 88.9 MB.

Unloading 12 unused Assets to reduce memory usage. Loaded Objects now: 2304.
Total: 2.506000 ms (FindLiveObjects: 0.186000 ms CreateObjectMapping: 0.061200 ms MarkObjects: 2.099200 ms  DeleteObjects: 0.158300 ms)

========================================================================
Received Prepare
Refreshing native plugins compatible for Editor in 1.64 ms, found 1 plugins.
Preloading 0 native plugins for Editor in 0.00 ms.
Unloading 10 Unused Serialized files (Serialized files now loaded: 0)
System memory in use before: 52.6 MB.
System memory in use after: 52.5 MB.

Unloading 10 unused Assets to reduce memory usage. Loaded Objects now: 2304.
Total: 2.628500 ms (FindLiveObjects: 0.222500 ms CreateObjectMapping: 0.090300 ms MarkObjects: 2.182100 ms  DeleteObjects: 0.131400 ms)

========================================================================
Received Import Request.
  Time since last request: 390.099375 seconds.
  path: Assets/Scenes/BattleMode.unity
  artifactKey: Guid(c7d3915318ad8ee45a45f90a0777a143) Importer(815301076,1909f56bfc062723c751e8b465ee728b)
Start importing Assets/Scenes/BattleMode.unity using Guid(c7d3915318ad8ee45a45f90a0777a143) Importer(815301076,1909f56bfc062723c751e8b465ee728b)  -> (artifact id: '8ce47064659e5659c6924d8c7586ea90') in 0.021673 seconds
  Import took 0.126833 seconds .

========================================================================
Received Prepare
Registering precompiled user dll's ...
Registered in 0.002834 seconds.
Begin MonoManager ReloadAssembly
Native extension for WindowsStandalone target not found
Refreshing native plugins compatible for Editor in 0.47 ms, found 1 plugins.
Preloading 0 native plugins for Editor in 0.00 ms.
Invoked RoslynAnalysisRunner static constructor.
RoslynAnalysisRunner will not be running.
RoslynAnalysisRunner has terminated.
Mono: successfully reloaded assembly
- Completed reload, in  1.280 seconds
Platform modules already initialized, skipping
Refreshing native plugins compatible for Editor in 0.37 ms, found 1 plugins.
Preloading 0 native plugins for Editor in 0.00 ms.
Unloading 1818 Unused Serialized files (Serialized files now loaded: 0)
System memory in use before: 88.9 MB.
System memory in use after: 88.9 MB.

Unloading 12 unused Assets to reduce memory usage. Loaded Objects now: 2308.
Total: 3.997500 ms (FindLiveObjects: 0.277500 ms CreateObjectMapping: 0.089200 ms MarkObjects: 3.413000 ms  DeleteObjects: 0.215800 ms)

========================================================================
Received Prepare
Registering precompiled user dll's ...
Registered in 0.001494 seconds.
Begin MonoManager ReloadAssembly
Native extension for WindowsStandalone target not found
Refreshing native plugins compatible for Editor in 0.63 ms, found 1 plugins.
Preloading 0 native plugins for Editor in 0.00 ms.
Invoked RoslynAnalysisRunner static constructor.
RoslynAnalysisRunner will not be running.
RoslynAnalysisRunner has terminated.
Mono: successfully reloaded assembly
- Completed reload, in  1.389 seconds
Platform modules already initialized, skipping
Refreshing native plugins compatible for Editor in 0.47 ms, found 1 plugins.
Preloading 0 native plugins for Editor in 0.00 ms.
Unloading 1818 Unused Serialized files (Serialized files now loaded: 0)
System memory in use before: 88.9 MB.
System memory in use after: 88.9 MB.

Unloading 12 unused Assets to reduce memory usage. Loaded Objects now: 2312.
Total: 4.099600 ms (FindLiveObjects: 0.650200 ms CreateObjectMapping: 0.190900 ms MarkObjects: 3.121400 ms  DeleteObjects: 0.130000 ms)

========================================================================
Received Import Request.
  Time since last request: 592.961117 seconds.
  path: Assets/Prefabs/Enemy.prefab
  artifactKey: Guid(f80fb5c7f35c4164fbc1c8dcb5d8c973) Importer(815301076,1909f56bfc062723c751e8b465ee728b)
Start importing Assets/Prefabs/Enemy.prefab using Guid(f80fb5c7f35c4164fbc1c8dcb5d8c973) Importer(815301076,1909f56bfc062723c751e8b465ee728b)  -> (artifact id: 'da21e25a549210b302f135c68ae6ac66') in 0.084071 seconds
  Import took 0.088560 seconds .

========================================================================
Received Import Request.
  Time since last request: 0.000315 seconds.
  path: Assets/Prefabs/MC.prefab
  artifactKey: Guid(9e1e5ea46ac3d184b8fa3d5513f2ba40) Importer(815301076,1909f56bfc062723c751e8b465ee728b)
Start importing Assets/Prefabs/MC.prefab using Guid(9e1e5ea46ac3d184b8fa3d5513f2ba40) Importer(815301076,1909f56bfc062723c751e8b465ee728b)  -> (artifact id: '0edc4c5e60b6b54faf65383f65355ce2') in 0.029347 seconds
  Import took 0.034431 seconds .

========================================================================
Received Import Request.
  Time since last request: 11.344434 seconds.
  path: Assets/Prefabs/SpawnPoint (2).prefab
  artifactKey: Guid(9a3a233b219422f418514b311570b301) Importer(815301076,1909f56bfc062723c751e8b465ee728b)
Start importing Assets/Prefabs/SpawnPoint (2).prefab using Guid(9a3a233b219422f418514b311570b301) Importer(815301076,1909f56bfc062723c751e8b465ee728b)  -> (artifact id: 'aa41d7772a45ee2ee5c620a95fcd371c') in 0.017654 seconds
  Import took 0.075824 seconds .

========================================================================
Received Import Request.
  Time since last request: 1.947860 seconds.
  path: Assets/Prefabs/FloatingPoints (2).prefab
  artifactKey: Guid(a78f467314406bd40abb0bb810972ef1) Importer(815301076,1909f56bfc062723c751e8b465ee728b)
Start importing Assets/Prefabs/FloatingPoints (2).prefab using Guid(a78f467314406bd40abb0bb810972ef1) Importer(815301076,1909f56bfc062723c751e8b465ee728b)  -> (artifact id: '0ddca64615eac2a7eaaec8b925f662a6') in 0.019495 seconds
  Import took 0.025088 seconds .

========================================================================
Received Import Request.
  Time since last request: 0.009225 seconds.
  path: Assets/Prefabs/FloatingPoints (2).prefab
  artifactKey: Guid(a78f467314406bd40abb0bb810972ef1) Importer(815301076,1909f56bfc062723c751e8b465ee728b)
Start importing Assets/Prefabs/FloatingPoints (2).prefab using Guid(a78f467314406bd40abb0bb810972ef1) Importer(815301076,1909f56bfc062723c751e8b465ee728b)  -> (artifact id: '0ddca64615eac2a7eaaec8b925f662a6') in 0.018773 seconds
  Import took 0.026772 seconds .

========================================================================
Received Import Request.
  Time since last request: 17.152246 seconds.
  path: Assets/Prefabs/MC.prefab
  artifactKey: Guid(9e1e5ea46ac3d184b8fa3d5513f2ba40) Importer(815301076,1909f56bfc062723c751e8b465ee728b)
Start importing Assets/Prefabs/MC.prefab using Guid(9e1e5ea46ac3d184b8fa3d5513f2ba40) Importer(815301076,1909f56bfc062723c751e8b465ee728b)  -> (artifact id: 'e147171cc55726610fbe13641ffd6950') in 0.019210 seconds
  Import took 0.025424 seconds .

========================================================================
Received Import Request.
  Time since last request: 0.013001 seconds.
  path: Assets/Prefabs/MC.prefab
  artifactKey: Guid(9e1e5ea46ac3d184b8fa3d5513f2ba40) Importer(815301076,1909f56bfc062723c751e8b465ee728b)
Start importing Assets/Prefabs/MC.prefab using Guid(9e1e5ea46ac3d184b8fa3d5513f2ba40) Importer(815301076,1909f56bfc062723c751e8b465ee728b)  -> (artifact id: 'e147171cc55726610fbe13641ffd6950') in 0.027023 seconds
  Import took 0.033632 seconds .

========================================================================
Received Import Request.
  Time since last request: 14.049237 seconds.
  path: Assets/Prefabs/MC.prefab
  artifactKey: Guid(9e1e5ea46ac3d184b8fa3d5513f2ba40) Importer(815301076,1909f56bfc062723c751e8b465ee728b)
Start importing Assets/Prefabs/MC.prefab using Guid(9e1e5ea46ac3d184b8fa3d5513f2ba40) Importer(815301076,1909f56bfc062723c751e8b465ee728b)  -> (artifact id: '44b35bbdc8fd385b7e2413b2fb57ac7b') in 0.021593 seconds
  Import took 0.031170 seconds .

========================================================================
Received Import Request.
  Time since last request: 0.002699 seconds.
  path: Assets/Prefabs/MC.prefab
  artifactKey: Guid(9e1e5ea46ac3d184b8fa3d5513f2ba40) Importer(815301076,1909f56bfc062723c751e8b465ee728b)
Start importing Assets/Prefabs/MC.prefab using Guid(9e1e5ea46ac3d184b8fa3d5513f2ba40) Importer(815301076,1909f56bfc062723c751e8b465ee728b)  -> (artifact id: '44b35bbdc8fd385b7e2413b2fb57ac7b') in 0.025194 seconds
  Import took 0.030458 seconds .

========================================================================
Received Import Request.
  Time since last request: 15.554015 seconds.
  path: Assets/Prefabs/Enemy.prefab
  artifactKey: Guid(f80fb5c7f35c4164fbc1c8dcb5d8c973) Importer(815301076,1909f56bfc062723c751e8b465ee728b)
Start importing Assets/Prefabs/Enemy.prefab using Guid(f80fb5c7f35c4164fbc1c8dcb5d8c973) Importer(815301076,1909f56bfc062723c751e8b465ee728b)  -> (artifact id: '3b66ce8d11a03cae5b194fbecb4966fb') in 0.030413 seconds
  Import took 0.035866 seconds .

========================================================================
Received Import Request.
  Time since last request: 4.329991 seconds.
  path: Assets/Prefabs/Enemy.prefab
  artifactKey: Guid(f80fb5c7f35c4164fbc1c8dcb5d8c973) Importer(815301076,1909f56bfc062723c751e8b465ee728b)
Start importing Assets/Prefabs/Enemy.prefab using Guid(f80fb5c7f35c4164fbc1c8dcb5d8c973) Importer(815301076,1909f56bfc062723c751e8b465ee728b)  -> (artifact id: 'ac5736d5f4b241cd4cb9f1e2a1b2854b') in 0.026378 seconds
  Import took 0.032415 seconds .

========================================================================
Received Prepare
Registering precompiled user dll's ...
Registered in 0.001381 seconds.
Begin MonoManager ReloadAssembly
Native extension for WindowsStandalone target not found
Refreshing native plugins compatible for Editor in 0.77 ms, found 1 plugins.
Preloading 0 native plugins for Editor in 0.00 ms.
Invoked RoslynAnalysisRunner static constructor.
RoslynAnalysisRunner will not be running.
RoslynAnalysisRunner has terminated.
Mono: successfully reloaded assembly
- Completed reload, in  1.193 seconds
Platform modules already initialized, skipping
Refreshing native plugins compatible for Editor in 0.39 ms, found 1 plugins.
Preloading 0 native plugins for Editor in 0.00 ms.
Unloading 1818 Unused Serialized files (Serialized files now loaded: 0)
System memory in use before: 88.9 MB.
System memory in use after: 88.9 MB.

Unloading 12 unused Assets to reduce memory usage. Loaded Objects now: 2317.
Total: 3.032500 ms (FindLiveObjects: 0.257600 ms CreateObjectMapping: 0.078300 ms MarkObjects: 2.545500 ms  DeleteObjects: 0.149600 ms)

========================================================================
Received Import Request.
  Time since last request: 155.518622 seconds.
  path: Assets/Animations/MC Animations/PointsAnim2.anim
  artifactKey: Guid(10041892107796d4ca021646f4eba8d6) Importer(815301076,1909f56bfc062723c751e8b465ee728b)
Start importing Assets/Animations/MC Animations/PointsAnim2.anim using Guid(10041892107796d4ca021646f4eba8d6) Importer(815301076,1909f56bfc062723c751e8b465ee728b)  -> (artifact id: '2d6df2e5ad461657c9904a21e798ca7b') in 0.031917 seconds
  Import took 0.037925 seconds .

========================================================================
Received Import Request.
  Time since last request: 3.100602 seconds.
  path: Assets/Animations/MC Animations/PointsAnim3.anim
  artifactKey: Guid(8e507a5fe5827d840bfc3cc3626e5cde) Importer(815301076,1909f56bfc062723c751e8b465ee728b)
Start importing Assets/Animations/MC Animations/PointsAnim3.anim using Guid(8e507a5fe5827d840bfc3cc3626e5cde) Importer(815301076,1909f56bfc062723c751e8b465ee728b)  -> (artifact id: '6f1c694aaed5ba1028b2b774327c3914') in 0.014464 seconds
  Import took 0.019845 seconds .

========================================================================
Received Prepare
Registering precompiled user dll's ...
Registered in 0.001805 seconds.
Begin MonoManager ReloadAssembly
Native extension for WindowsStandalone target not found
Refreshing native plugins compatible for Editor in 0.42 ms, found 1 plugins.
Preloading 0 native plugins for Editor in 0.00 ms.
Invoked RoslynAnalysisRunner static constructor.
RoslynAnalysisRunner will not be running.
RoslynAnalysisRunner has terminated.
Mono: successfully reloaded assembly
- Completed reload, in  1.583 seconds
Platform modules already initialized, skipping
Refreshing native plugins compatible for Editor in 0.44 ms, found 1 plugins.
Preloading 0 native plugins for Editor in 0.00 ms.
Unloading 1818 Unused Serialized files (Serialized files now loaded: 0)
System memory in use before: 88.9 MB.
System memory in use after: 88.9 MB.

Unloading 12 unused Assets to reduce memory usage. Loaded Objects now: 2321.
Total: 4.322000 ms (FindLiveObjects: 0.250700 ms CreateObjectMapping: 0.081000 ms MarkObjects: 3.846000 ms  DeleteObjects: 0.142700 ms)

========================================================================
Received Prepare
Registering precompiled user dll's ...
Registered in 0.001162 seconds.
Begin MonoManager ReloadAssembly
Native extension for WindowsStandalone target not found
Refreshing native plugins compatible for Editor in 0.73 ms, found 1 plugins.
Preloading 0 native plugins for Editor in 0.00 ms.
Invoked RoslynAnalysisRunner static constructor.
RoslynAnalysisRunner will not be running.
RoslynAnalysisRunner has terminated.
Mono: successfully reloaded assembly
- Completed reload, in  1.243 seconds
Platform modules already initialized, skipping
Refreshing native plugins compatible for Editor in 0.39 ms, found 1 plugins.
Preloading 0 native plugins for Editor in 0.00 ms.
Unloading 1818 Unused Serialized files (Serialized files now loaded: 0)
System memory in use before: 88.9 MB.
System memory in use after: 88.9 MB.

Unloading 12 unused Assets to reduce memory usage. Loaded Objects now: 2325.
Total: 5.336200 ms (FindLiveObjects: 0.972200 ms CreateObjectMapping: 0.272300 ms MarkObjects: 3.926500 ms  DeleteObjects: 0.162100 ms)

========================================================================
Received Prepare
Registering precompiled user dll's ...
Registered in 0.001260 seconds.
Begin MonoManager ReloadAssembly
Native extension for WindowsStandalone target not found
Refreshing native plugins compatible for Editor in 0.44 ms, found 1 plugins.
Preloading 0 native plugins for Editor in 0.00 ms.
Invoked RoslynAnalysisRunner static constructor.
RoslynAnalysisRunner will not be running.
RoslynAnalysisRunner has terminated.
Mono: successfully reloaded assembly
- Completed reload, in  1.346 seconds
Platform modules already initialized, skipping
Refreshing native plugins compatible for Editor in 1.66 ms, found 1 plugins.
Preloading 0 native plugins for Editor in 0.00 ms.
Unloading 1818 Unused Serialized files (Serialized files now loaded: 0)
System memory in use before: 88.9 MB.
System memory in use after: 88.9 MB.

Unloading 12 unused Assets to reduce memory usage. Loaded Objects now: 2329.
Total: 2.648300 ms (FindLiveObjects: 0.230200 ms CreateObjectMapping: 0.086300 ms MarkObjects: 2.158900 ms  DeleteObjects: 0.171600 ms)

========================================================================
Received Import Request.
  Time since last request: 126.090644 seconds.
  path: Assets/Prefabs/Enemy.prefab
  artifactKey: Guid(f80fb5c7f35c4164fbc1c8dcb5d8c973) Importer(815301076,1909f56bfc062723c751e8b465ee728b)
Start importing Assets/Prefabs/Enemy.prefab using Guid(f80fb5c7f35c4164fbc1c8dcb5d8c973) Importer(815301076,1909f56bfc062723c751e8b465ee728b)  -> (artifact id: '90014094639d4bbe5a7b35286c6298ce') in 0.078069 seconds
  Import took 0.185584 seconds .

========================================================================
Received Import Request.
  Time since last request: 0.000329 seconds.
  path: Assets/Prefabs/MC.prefab
  artifactKey: Guid(9e1e5ea46ac3d184b8fa3d5513f2ba40) Importer(815301076,1909f56bfc062723c751e8b465ee728b)
Start importing Assets/Prefabs/MC.prefab using Guid(9e1e5ea46ac3d184b8fa3d5513f2ba40) Importer(815301076,1909f56bfc062723c751e8b465ee728b)  -> (artifact id: '8ec72403f853edd7830383a79b9071f2') in 0.020296 seconds
  Import took 0.035971 seconds .

========================================================================
Received Prepare
Registering precompiled user dll's ...
Registered in 0.000944 seconds.
Begin MonoManager ReloadAssembly
Native extension for WindowsStandalone target not found
Refreshing native plugins compatible for Editor in 0.55 ms, found 1 plugins.
Preloading 0 native plugins for Editor in 0.00 ms.
Invoked RoslynAnalysisRunner static constructor.
RoslynAnalysisRunner will not be running.
RoslynAnalysisRunner has terminated.
Mono: successfully reloaded assembly
- Completed reload, in  1.246 seconds
Platform modules already initialized, skipping
Refreshing native plugins compatible for Editor in 0.59 ms, found 1 plugins.
Preloading 0 native plugins for Editor in 0.00 ms.
Unloading 1818 Unused Serialized files (Serialized files now loaded: 0)
System memory in use before: 89.0 MB.
System memory in use after: 88.9 MB.

Unloading 12 unused Assets to reduce memory usage. Loaded Objects now: 2334.
Total: 9.120600 ms (FindLiveObjects: 1.055200 ms CreateObjectMapping: 1.148300 ms MarkObjects: 6.662300 ms  DeleteObjects: 0.252200 ms)

========================================================================
Received Import Request.
  Time since last request: 87.190654 seconds.
  path: Assets/Animations/SceneAnimations/FloatingPoints.controller
  artifactKey: Guid(e23cf053b3cb36c46b6d01054142e7ac) Importer(815301076,1909f56bfc062723c751e8b465ee728b)
Start importing Assets/Animations/SceneAnimations/FloatingPoints.controller using Guid(e23cf053b3cb36c46b6d01054142e7ac) Importer(815301076,1909f56bfc062723c751e8b465ee728b)  -> (artifact id: '81d3f4a49ce160c45d1908c05b2e0fc3') in 0.035153 seconds
  Import took 0.039327 seconds .

========================================================================
Received Prepare
Registering precompiled user dll's ...
Registered in 0.001818 seconds.
Begin MonoManager ReloadAssembly
Native extension for WindowsStandalone target not found
Refreshing native plugins compatible for Editor in 0.63 ms, found 1 plugins.
Preloading 0 native plugins for Editor in 0.00 ms.
Invoked RoslynAnalysisRunner static constructor.
RoslynAnalysisRunner will not be running.
RoslynAnalysisRunner has terminated.
Mono: successfully reloaded assembly
- Completed reload, in  1.381 seconds
Platform modules already initialized, skipping
Refreshing native plugins compatible for Editor in 0.44 ms, found 1 plugins.
Preloading 0 native plugins for Editor in 0.00 ms.
Unloading 1818 Unused Serialized files (Serialized files now loaded: 0)
System memory in use before: 89.0 MB.
System memory in use after: 89.0 MB.

Unloading 12 unused Assets to reduce memory usage. Loaded Objects now: 2338.
Total: 4.130800 ms (FindLiveObjects: 1.385900 ms CreateObjectMapping: 0.220900 ms MarkObjects: 2.373600 ms  DeleteObjects: 0.145100 ms)

========================================================================
Received Import Request.
  Time since last request: 173.028159 seconds.
  path: Assets/Prefabs/SpawnPoint (1).prefab
  artifactKey: Guid(5c646a6b5f5d1a84aa57083b84833fc8) Importer(815301076,1909f56bfc062723c751e8b465ee728b)
Start importing Assets/Prefabs/SpawnPoint (1).prefab using Guid(5c646a6b5f5d1a84aa57083b84833fc8) Importer(815301076,1909f56bfc062723c751e8b465ee728b)  -> (artifact id: 'f8e78204c9ca47f846789dfa3d1ee746') in 0.045486 seconds
  Import took 0.102752 seconds .

========================================================================
Received Import Request.
  Time since last request: 1.588102 seconds.
  path: Assets/Prefabs/FloatingPoints (1).prefab
  artifactKey: Guid(0ac31b3ce14e3004599c2d4f39cff1d3) Importer(815301076,1909f56bfc062723c751e8b465ee728b)
Start importing Assets/Prefabs/FloatingPoints (1).prefab using Guid(0ac31b3ce14e3004599c2d4f39cff1d3) Importer(815301076,1909f56bfc062723c751e8b465ee728b)  -> (artifact id: '26c8beb9e1456efa18b805a25d672315') in 0.006556 seconds
  Import took 0.012154 seconds .

========================================================================
Received Import Request.
  Time since last request: 0.004346 seconds.
  path: Assets/Prefabs/FloatingPoints (1).prefab
  artifactKey: Guid(0ac31b3ce14e3004599c2d4f39cff1d3) Importer(815301076,1909f56bfc062723c751e8b465ee728b)
Start importing Assets/Prefabs/FloatingPoints (1).prefab using Guid(0ac31b3ce14e3004599c2d4f39cff1d3) Importer(815301076,1909f56bfc062723c751e8b465ee728b)  -> (artifact id: '26c8beb9e1456efa18b805a25d672315') in 0.004527 seconds
  Import took 0.008302 seconds .

========================================================================
Received Import Request.
  Time since last request: 2.096558 seconds.
  path: Assets/Prefabs/FloatingPoints.prefab
  artifactKey: Guid(d0a77d2450182f44aa8a35e223d81b2b) Importer(815301076,1909f56bfc062723c751e8b465ee728b)
Start importing Assets/Prefabs/FloatingPoints.prefab using Guid(d0a77d2450182f44aa8a35e223d81b2b) Importer(815301076,1909f56bfc062723c751e8b465ee728b)  -> (artifact id: '157a6301a9e8cd30e1b293297d18d2a1') in 0.005049 seconds
  Import took 0.009164 seconds .

========================================================================
Received Import Request.
  Time since last request: 0.002946 seconds.
  path: Assets/Prefabs/FloatingPoints.prefab
  artifactKey: Guid(d0a77d2450182f44aa8a35e223d81b2b) Importer(815301076,1909f56bfc062723c751e8b465ee728b)
Start importing Assets/Prefabs/FloatingPoints.prefab using Guid(d0a77d2450182f44aa8a35e223d81b2b) Importer(815301076,1909f56bfc062723c751e8b465ee728b)  -> (artifact id: '157a6301a9e8cd30e1b293297d18d2a1') in 0.005980 seconds
  Import took 0.010971 seconds .

========================================================================
Received Import Request.
  Time since last request: 1.828257 seconds.
  path: Assets/Prefabs/SpawnPoint.prefab
  artifactKey: Guid(43c98bf46f4631946951be230e74d739) Importer(815301076,1909f56bfc062723c751e8b465ee728b)
Start importing Assets/Prefabs/SpawnPoint.prefab using Guid(43c98bf46f4631946951be230e74d739) Importer(815301076,1909f56bfc062723c751e8b465ee728b)  -> (artifact id: '77fd541dadf3b75ef3ff57539eb10da6') in 0.004979 seconds
  Import took 0.010071 seconds .

========================================================================
Received Import Request.
  Time since last request: 0.017027 seconds.
  path: Assets/Prefabs/SpawnPoint.prefab
  artifactKey: Guid(43c98bf46f4631946951be230e74d739) Importer(815301076,1909f56bfc062723c751e8b465ee728b)
Start importing Assets/Prefabs/SpawnPoint.prefab using Guid(43c98bf46f4631946951be230e74d739) Importer(815301076,1909f56bfc062723c751e8b465ee728b)  -> (artifact id: '77fd541dadf3b75ef3ff57539eb10da6') in 0.009395 seconds
  Import took 0.015549 seconds .

========================================================================
Received Import Request.
  Time since last request: 16.278914 seconds.
  path: Assets/Prefabs/MC.prefab
  artifactKey: Guid(9e1e5ea46ac3d184b8fa3d5513f2ba40) Importer(815301076,1909f56bfc062723c751e8b465ee728b)
Start importing Assets/Prefabs/MC.prefab using Guid(9e1e5ea46ac3d184b8fa3d5513f2ba40) Importer(815301076,1909f56bfc062723c751e8b465ee728b)  -> (artifact id: '09e0ed2a09651eddb54ea7468fdadd3e') in 0.063154 seconds
  Import took 0.069661 seconds .

========================================================================
Received Import Request.
  Time since last request: 10.505025 seconds.
  path: Assets/Prefabs/MC.prefab
  artifactKey: Guid(9e1e5ea46ac3d184b8fa3d5513f2ba40) Importer(815301076,1909f56bfc062723c751e8b465ee728b)
Start importing Assets/Prefabs/MC.prefab using Guid(9e1e5ea46ac3d184b8fa3d5513f2ba40) Importer(815301076,1909f56bfc062723c751e8b465ee728b)  -> (artifact id: '0994bcc3f428b30b558d753f20b7dc64') in 0.020003 seconds
  Import took 0.025627 seconds .

========================================================================
Received Import Request.
  Time since last request: 0.004472 seconds.
  path: Assets/Prefabs/MC.prefab
  artifactKey: Guid(9e1e5ea46ac3d184b8fa3d5513f2ba40) Importer(815301076,1909f56bfc062723c751e8b465ee728b)
Start importing Assets/Prefabs/MC.prefab using Guid(9e1e5ea46ac3d184b8fa3d5513f2ba40) Importer(815301076,1909f56bfc062723c751e8b465ee728b)  -> (artifact id: '0994bcc3f428b30b558d753f20b7dc64') in 0.021617 seconds
  Import took 0.026296 seconds .

========================================================================
Received Import Request.
  Time since last request: 12.032312 seconds.
  path: Assets/Prefabs/Enemy.prefab
  artifactKey: Guid(f80fb5c7f35c4164fbc1c8dcb5d8c973) Importer(815301076,1909f56bfc062723c751e8b465ee728b)
Start importing Assets/Prefabs/Enemy.prefab using Guid(f80fb5c7f35c4164fbc1c8dcb5d8c973) Importer(815301076,1909f56bfc062723c751e8b465ee728b)  -> (artifact id: 'd5d020444307903dc86fbdb28a6fea9b') in 0.018588 seconds
  Import took 0.024337 seconds .

========================================================================
Received Import Request.
  Time since last request: 0.010387 seconds.
  path: Assets/Prefabs/Enemy.prefab
  artifactKey: Guid(f80fb5c7f35c4164fbc1c8dcb5d8c973) Importer(815301076,1909f56bfc062723c751e8b465ee728b)
Start importing Assets/Prefabs/Enemy.prefab using Guid(f80fb5c7f35c4164fbc1c8dcb5d8c973) Importer(815301076,1909f56bfc062723c751e8b465ee728b)  -> (artifact id: 'd5d020444307903dc86fbdb28a6fea9b') in 0.020146 seconds
  Import took 0.025936 seconds .

========================================================================
Received Import Request.
  Time since last request: 2.863418 seconds.
  path: Assets/Prefabs/Enemy.prefab
  artifactKey: Guid(f80fb5c7f35c4164fbc1c8dcb5d8c973) Importer(815301076,1909f56bfc062723c751e8b465ee728b)
Start importing Assets/Prefabs/Enemy.prefab using Guid(f80fb5c7f35c4164fbc1c8dcb5d8c973) Importer(815301076,1909f56bfc062723c751e8b465ee728b)  -> (artifact id: '719f9cf9c3e6be516bf7b6ffe6aae716') in 0.018127 seconds
  Import took 0.023767 seconds .

========================================================================
Received Import Request.
  Time since last request: 0.005077 seconds.
  path: Assets/Prefabs/Enemy.prefab
  artifactKey: Guid(f80fb5c7f35c4164fbc1c8dcb5d8c973) Importer(815301076,1909f56bfc062723c751e8b465ee728b)
Start importing Assets/Prefabs/Enemy.prefab using Guid(f80fb5c7f35c4164fbc1c8dcb5d8c973) Importer(815301076,1909f56bfc062723c751e8b465ee728b)  -> (artifact id: '719f9cf9c3e6be516bf7b6ffe6aae716') in 0.022198 seconds
  Import took 0.026627 seconds .

========================================================================
Received Prepare
Registering precompiled user dll's ...
Registered in 0.000974 seconds.
Begin MonoManager ReloadAssembly
Native extension for WindowsStandalone target not found
Refreshing native plugins compatible for Editor in 0.42 ms, found 1 plugins.
Preloading 0 native plugins for Editor in 0.00 ms.
Invoked RoslynAnalysisRunner static constructor.
RoslynAnalysisRunner will not be running.
RoslynAnalysisRunner has terminated.
Mono: successfully reloaded assembly
- Completed reload, in  1.046 seconds
Platform modules already initialized, skipping
Refreshing native plugins compatible for Editor in 0.36 ms, found 1 plugins.
Preloading 0 native plugins for Editor in 0.00 ms.
Unloading 1818 Unused Serialized files (Serialized files now loaded: 0)
System memory in use before: 89.0 MB.
System memory in use after: 89.0 MB.

Unloading 12 unused Assets to reduce memory usage. Loaded Objects now: 2343.
Total: 2.733600 ms (FindLiveObjects: 0.218400 ms CreateObjectMapping: 0.101300 ms MarkObjects: 2.280700 ms  DeleteObjects: 0.131700 ms)

========================================================================
Received Prepare
Registering precompiled user dll's ...
Registered in 0.001169 seconds.
Begin MonoManager ReloadAssembly
Native extension for WindowsStandalone target not found
Refreshing native plugins compatible for Editor in 1.03 ms, found 1 plugins.
Preloading 0 native plugins for Editor in 0.00 ms.
Invoked RoslynAnalysisRunner static constructor.
RoslynAnalysisRunner will not be running.
RoslynAnalysisRunner has terminated.
Mono: successfully reloaded assembly
- Completed reload, in  1.061 seconds
Platform modules already initialized, skipping
Refreshing native plugins compatible for Editor in 0.34 ms, found 1 plugins.
Preloading 0 native plugins for Editor in 0.00 ms.
Unloading 1818 Unused Serialized files (Serialized files now loaded: 0)
System memory in use before: 89.0 MB.
System memory in use after: 89.0 MB.

Unloading 12 unused Assets to reduce memory usage. Loaded Objects now: 2347.
Total: 2.688500 ms (FindLiveObjects: 0.211000 ms CreateObjectMapping: 0.059800 ms MarkObjects: 2.174500 ms  DeleteObjects: 0.241700 ms)

========================================================================
Received Prepare
Refreshing native plugins compatible for Editor in 1.88 ms, found 1 plugins.
Preloading 0 native plugins for Editor in 0.00 ms.
Unloading 10 Unused Serialized files (Serialized files now loaded: 0)
System memory in use before: 52.7 MB.
System memory in use after: 52.7 MB.

Unloading 10 unused Assets to reduce memory usage. Loaded Objects now: 2347.
Total: 3.222800 ms (FindLiveObjects: 0.252200 ms CreateObjectMapping: 0.098400 ms MarkObjects: 2.687700 ms  DeleteObjects: 0.182300 ms)

========================================================================
Received Import Request.
  Time since last request: 118.963105 seconds.
  path: Assets/Scenes/Menu.unity
  artifactKey: Guid(4cc553fd63cca0e44bb8ed0e5c759b2c) Importer(815301076,1909f56bfc062723c751e8b465ee728b)
Start importing Assets/Scenes/Menu.unity using Guid(4cc553fd63cca0e44bb8ed0e5c759b2c) Importer(815301076,1909f56bfc062723c751e8b465ee728b)  -> (artifact id: '31e724f4630cab4c24e405f78eb48891') in 0.025443 seconds
  Import took 0.128031 seconds .

========================================================================
Received Prepare
Refreshing native plugins compatible for Editor in 1.72 ms, found 1 plugins.
Preloading 0 native plugins for Editor in 0.00 ms.
Unloading 10 Unused Serialized files (Serialized files now loaded: 0)
System memory in use before: 52.7 MB.
System memory in use after: 52.7 MB.

Unloading 10 unused Assets to reduce memory usage. Loaded Objects now: 2347.
Total: 4.088600 ms (FindLiveObjects: 0.545000 ms CreateObjectMapping: 0.166500 ms MarkObjects: 3.222500 ms  DeleteObjects: 0.150100 ms)

AssetImportWorkerClient::OnTransportError - code=2 error=End of file
